app/build/outputs/logs/manifest-merger-debug-report.txt
-- Merging decision tree log ---
manifest
ADDED from AndroidManifest.xml:2:1
	package
		ADDED from AndroidManifest.xml:3:5
		INJECTED from AndroidManifest.xml:0:0
		INJECTED from AndroidManifest.xml:0:0
	android:versionName
		ADDED from AndroidManifest.xml:5:5
	android:versionCode
		ADDED from AndroidManifest.xml:4:5
		INJECTED from AndroidManifest.xml:0:0
		INJECTED from AndroidManifest.xml:0:0
	xmlns:android
		ADDED from AndroidManifest.xml:2:11
uses-permission#android.permission.INTERNET
ADDED from AndroidManifest.xml:7:5
MERGED from com.crashlytics.sdk.android:crashlytics:2.5.5:9:5
MERGED from com.crashlytics.sdk.android:answers:1.3.6:9:5
MERGED from io.fabric.sdk.android:fabric:1.3.10:25:5
MERGED from com.crashlytics.sdk.android:crashlytics-core:2.3.8:9:5
MERGED from com.crashlytics.sdk.android:answers:1.3.6:9:5
MERGED from io.fabric.sdk.android:fabric:1.3.10:25:5
MERGED from io.fabric.sdk.android:fabric:1.3.10:25:5
MERGED from io.fabric.sdk.android:fabric:1.3.10:25:5
MERGED from com.crashlytics.sdk.android:beta:1.1.4:9:5
	android:name
		ADDED from AndroidManifest.xml:7:22
uses-permission#android.permission.ACCESS_NETWORK_STATE
ADDED from AndroidManifest.xml:8:5
	android:name
		ADDED from AndroidManifest.xml:8:22
uses-sdk
ADDED from AndroidManifest.xml:10:5
MERGED from com.android.support:support-v4:23.3.0:20:5
MERGED from com.android.support:appcompat-v7:23.3.0:21:5
MERGED from com.android.support:support-vector-drawable:23.3.0:5:5
MERGED from com.android.support:support-v4:23.3.0:20:5
MERGED from com.android.support:animated-vector-drawable:23.3.0:5:5
MERGED from com.android.support:support-vector-drawable:23.3.0:5:5
MERGED from com.android.support:support-v4:23.3.0:20:5
MERGED from com.android.support:support-v4:23.3.0:20:5
MERGED from com.crashlytics.sdk.android:crashlytics:2.5.5:7:5
MERGED from com.crashlytics.sdk.android:answers:1.3.6:7:5
MERGED from io.fabric.sdk.android:fabric:1.3.10:23:5
MERGED from com.crashlytics.sdk.android:crashlytics-core:2.3.8:7:5
MERGED from com.crashlytics.sdk.android:answers:1.3.6:7:5
MERGED from io.fabric.sdk.android:fabric:1.3.10:23:5
MERGED from io.fabric.sdk.android:fabric:1.3.10:23:5
MERGED from io.fabric.sdk.android:fabric:1.3.10:23:5
MERGED from com.crashlytics.sdk.android:beta:1.1.4:7:5
MERGED from com.weiwangcn.betterspinner:library-material:1.1.0:7:5
MERGED from com.android.support:appcompat-v7:23.3.0:21:5
MERGED from com.android.support:support-vector-drawable:23.3.0:5:5
MERGED from com.android.support:support-v4:23.3.0:20:5
MERGED from com.android.support:animated-vector-drawable:23.3.0:5:5
MERGED from com.android.support:support-vector-drawable:23.3.0:5:5
MERGED from com.android.support:support-v4:23.3.0:20:5
MERGED from com.android.support:support-v4:23.3.0:20:5
MERGED from com.rengwuxian.materialedittext:library:2.0.3:6:5
MERGED from com.android.support:appcompat-v7:23.3.0:21:5
MERGED from com.android.support:support-vector-drawable:23.3.0:5:5
MERGED from com.android.support:support-v4:23.3.0:20:5
MERGED from com.android.support:animated-vector-drawable:23.3.0:5:5
MERGED from com.android.support:support-vector-drawable:23.3.0:5:5
MERGED from com.android.support:support-v4:23.3.0:20:5
MERGED from com.android.support:support-v4:23.3.0:20:5
	tools:overrideLibrary
		ADDED from com.android.support:appcompat-v7:23.3.0:23:9
	android:targetSdkVersion
		ADDED from AndroidManifest.xml:12:9
		INJECTED from AndroidManifest.xml:0:0
		INJECTED from AndroidManifest.xml:0:0
	android:minSdkVersion
		ADDED from AndroidManifest.xml:11:9
		INJECTED from AndroidManifest.xml:0:0
		INJECTED from AndroidManifest.xml:0:0
application
ADDED from AndroidManifest.xml:14:5
MERGED from com.android.support:support-v4:23.3.0:22:5
MERGED from com.android.support:appcompat-v7:23.3.0:25:5
MERGED from com.android.support:support-vector-drawable:23.3.0:7:5
MERGED from com.android.support:support-v4:23.3.0:22:5
MERGED from com.android.support:animated-vector-drawable:23.3.0:7:5
MERGED from com.android.support:support-vector-drawable:23.3.0:7:5
MERGED from com.android.support:support-v4:23.3.0:22:5
MERGED from com.android.support:support-v4:23.3.0:22:5
MERGED from com.crashlytics.sdk.android:crashlytics:2.5.5:11:5
MERGED from com.crashlytics.sdk.android:answers:1.3.6:11:5
MERGED from io.fabric.sdk.android:fabric:1.3.10:27:5
MERGED from com.crashlytics.sdk.android:crashlytics-core:2.3.8:11:5
MERGED from com.crashlytics.sdk.android:answers:1.3.6:11:5
MERGED from io.fabric.sdk.android:fabric:1.3.10:27:5
MERGED from io.fabric.sdk.android:fabric:1.3.10:27:5
MERGED from io.fabric.sdk.android:fabric:1.3.10:27:5
MERGED from com.crashlytics.sdk.android:beta:1.1.4:11:5
MERGED from com.weiwangcn.betterspinner:library-material:1.1.0:11:5
MERGED from com.android.support:appcompat-v7:23.3.0:25:5
MERGED from com.android.support:support-vector-drawable:23.3.0:7:5
MERGED from com.android.support:support-v4:23.3.0:22:5
MERGED from com.android.support:animated-vector-drawable:23.3.0:7:5
MERGED from com.android.support:support-vector-drawable:23.3.0:7:5
MERGED from com.android.support:support-v4:23.3.0:22:5
MERGED from com.android.support:support-v4:23.3.0:22:5
MERGED from com.android.support:appcompat-v7:23.3.0:25:5
MERGED from com.android.support:support-vector-drawable:23.3.0:7:5
MERGED from com.android.support:support-v4:23.3.0:22:5
MERGED from com.android.support:animated-vector-drawable:23.3.0:7:5
MERGED from com.android.support:support-vector-drawable:23.3.0:7:5
MERGED from com.android.support:support-v4:23.3.0:22:5
MERGED from com.android.support:support-v4:23.3.0:22:5
	android:label
		ADDED from AndroidManifest.xml:17:9
	android:allowBackup
		ADDED from AndroidManifest.xml:15:9
	android:icon
		ADDED from AndroidManifest.xml:16:9
	android:theme
		ADDED from AndroidManifest.xml:18:9
activity#com.binarycraft.acland.SplashActivity
ADDED from AndroidManifest.xml:19:9
	android:screenOrientation
		ADDED from AndroidManifest.xml:22:13
	android:label
		ADDED from AndroidManifest.xml:21:13
	android:name
		ADDED from AndroidManifest.xml:20:13
intent-filter#android.intent.action.MAIN+android.intent.category.LAUNCHER
ADDED from AndroidManifest.xml:23:13
action#android.intent.action.MAIN
ADDED from AndroidManifest.xml:24:17
	android:name
		ADDED from AndroidManifest.xml:24:25
category#android.intent.category.LAUNCHER
ADDED from AndroidManifest.xml:26:17
	android:name
		ADDED from AndroidManifest.xml:26:27
activity#com.binarycraft.acland.MainActivity
ADDED from AndroidManifest.xml:29:9
	android:screenOrientation
		ADDED from AndroidManifest.xml:32:13
	android:label
		ADDED from AndroidManifest.xml:31:13
	android:windowSoftInputMode
		ADDED from AndroidManifest.xml:33:13
	android:name
		ADDED from AndroidManifest.xml:30:13
meta-data#io.fabric.ApiKey
ADDED from AndroidManifest.xml:36:9
	android:value
		ADDED from AndroidManifest.xml:38:13
	android:name
		ADDED from AndroidManifest.xml:37:13